# JRE version: OpenJDK Runtime Environment (11.0.12+7) (build 11.0.12+7-b1504.28-7817840)
# Java VM: OpenJDK 64-Bit Server VM (11.0.12+7-b1504.28-7817840, mixed mode, tiered, compressed oops, g1 gc, windows-amd64)
Heap:
 garbage-first heap   total 126976K, used 13376K [0x0000000084c00000, 0x0000000100000000)
  region size 1024K, 7 young (7168K), 2 survivors (2048K)
 Metaspace       used 15967K, capacity 16308K, committed 16512K, reserved 1064960K
  class space    used 1792K, capacity 1909K, committed 1920K, reserved 1048576K
GC Heap History (6 events):
Event: 1.550 GC heap before
{Heap before GC invocations=0 (full 0):
 garbage-first heap   total 126976K, used 19456K [0x0000000084c00000, 0x0000000100000000)
  region size 1024K, 14 young (14336K), 0 survivors (0K)
 Metaspace       used 8250K, capacity 8471K, committed 8576K, reserved 1056768K
  class space    used 764K, capacity 820K, committed 896K, reserved 1048576K
}
Event: 1.567 GC heap after
{Heap after GC invocations=1 (full 0):
 garbage-first heap   total 126976K, used 7815K [0x0000000084c00000, 0x0000000100000000)
  region size 1024K, 2 young (2048K), 2 survivors (2048K)
 Metaspace       used 8250K, capacity 8471K, committed 8576K, reserved 1056768K
  class space    used 764K, capacity 820K, committed 896K, reserved 1048576K
}
Event: 2.470 GC heap before
{Heap before GC invocations=1 (full 0):
 garbage-first heap   total 126976K, used 13959K [0x0000000084c00000, 0x0000000100000000)
  region size 1024K, 8 young (8192K), 2 survivors (2048K)
 Metaspace       used 10273K, capacity 10476K, committed 10624K, reserved 1058816K
  class space    used 1056K, capacity 1129K, committed 1152K, reserved 1048576K
}
Event: 2.474 GC heap after
{Heap after GC invocations=2 (full 0):
 garbage-first heap   total 126976K, used 8266K [0x0000000084c00000, 0x0000000100000000)
  region size 1024K, 1 young (1024K), 1 survivors (1024K)
 Metaspace       used 10273K, capacity 10476K, committed 10624K, reserved 1058816K
  class space    used 1056K, capacity 1129K, committed 1152K, reserved 1048576K
}
Event: 272.986 GC heap before
{Heap before GC invocations=2 (full 0):
 garbage-first heap   total 126976K, used 28746K [0x0000000084c00000, 0x0000000100000000)
  region size 1024K, 21 young (21504K), 1 survivors (1024K)
 Metaspace       used 15845K, capacity 16172K, committed 16256K, reserved 1062912K
  class space    used 1784K, capacity 1906K, committed 1920K, reserved 1048576K
}
Event: 272.996 GC heap after
{Heap after GC invocations=3 (full 0):
 garbage-first heap   total 126976K, used 9280K [0x0000000084c00000, 0x0000000100000000)
  region size 1024K, 2 young (2048K), 2 survivors (2048K)
 Metaspace       used 15845K, capacity 16172K, committed 16256K, reserved 1062912K
  class space    used 1784K, capacity 1906K, committed 1920K, reserved 1048576K
}

