# JRE version: OpenJDK Runtime Environment (11.0.12+7) (build 11.0.12+7-b1504.28-7817840)
# Java VM: OpenJDK 64-Bit Server VM (11.0.12+7-b1504.28-7817840, mixed mode, tiered, compressed oops, g1 gc, windows-amd64)
Heap:
 garbage-first heap   total 519168K, used 300636K [0x00000000a0000000, 0x0000000100000000)
  region size 1024K, 104 young (106496K), 6 survivors (6144K)
 Metaspace       used 98185K, capacity 102114K, committed 102320K, reserved 1138688K
  class space    used 11999K, capacity 13185K, committed 13312K, reserved 1048576K
GC Heap History (20 events):
Event: 410.786 GC heap before
{Heap before GC invocations=136 (full 0):
 garbage-first heap   total 330752K, used 251199K [0x00000000a0000000, 0x0000000100000000)
  region size 1024K, 57 young (58368K), 2 survivors (2048K)
 Metaspace       used 95827K, capacity 99723K, committed 100016K, reserved 1136640K
  class space    used 11756K, capacity 12938K, committed 13056K, reserved 1048576K
}
Event: 410.790 GC heap after
{Heap after GC invocations=137 (full 0):
 garbage-first heap   total 330752K, used 193952K [0x00000000a0000000, 0x0000000100000000)
  region size 1024K, 1 young (1024K), 1 survivors (1024K)
 Metaspace       used 95827K, capacity 99723K, committed 100016K, reserved 1136640K
  class space    used 11756K, capacity 12938K, committed 13056K, reserved 1048576K
}
Event: 411.923 GC heap before
{Heap before GC invocations=137 (full 0):
 garbage-first heap   total 330752K, used 256416K [0x00000000a0000000, 0x0000000100000000)
  region size 1024K, 61 young (62464K), 1 survivors (1024K)
 Metaspace       used 95835K, capacity 99793K, committed 100016K, reserved 1136640K
  class space    used 11757K, capacity 12939K, committed 13056K, reserved 1048576K
}
Event: 411.928 GC heap after
{Heap after GC invocations=138 (full 0):
 garbage-first heap   total 330752K, used 196582K [0x00000000a0000000, 0x0000000100000000)
  region size 1024K, 4 young (4096K), 4 survivors (4096K)
 Metaspace       used 95835K, capacity 99793K, committed 100016K, reserved 1136640K
  class space    used 11757K, capacity 12939K, committed 13056K, reserved 1048576K
}
Event: 414.425 GC heap before
{Heap before GC invocations=138 (full 0):
 garbage-first heap   total 330752K, used 260070K [0x00000000a0000000, 0x0000000100000000)
  region size 1024K, 66 young (67584K), 4 survivors (4096K)
 Metaspace       used 96341K, capacity 100297K, committed 100528K, reserved 1136640K
  class space    used 11809K, capacity 12979K, committed 13056K, reserved 1048576K
}
Event: 414.430 GC heap after
{Heap after GC invocations=139 (full 0):
 garbage-first heap   total 330752K, used 194280K [0x00000000a0000000, 0x0000000100000000)
  region size 1024K, 1 young (1024K), 1 survivors (1024K)
 Metaspace       used 96341K, capacity 100297K, committed 100528K, reserved 1136640K
  class space    used 11809K, capacity 12979K, committed 13056K, reserved 1048576K
}
Event: 418.772 GC heap before
{Heap before GC invocations=139 (full 0):
 garbage-first heap   total 330752K, used 278248K [0x00000000a0000000, 0x0000000100000000)
  region size 1024K, 61 young (62464K), 1 survivors (1024K)
 Metaspace       used 96430K, capacity 100361K, committed 100528K, reserved 1136640K
  class space    used 11813K, capacity 12979K, committed 13056K, reserved 1048576K
}
Event: 418.777 GC heap after
{Heap after GC invocations=140 (full 0):
 garbage-first heap   total 330752K, used 199513K [0x00000000a0000000, 0x0000000100000000)
  region size 1024K, 1 young (1024K), 1 survivors (1024K)
 Metaspace       used 96430K, capacity 100361K, committed 100528K, reserved 1136640K
  class space    used 11813K, capacity 12979K, committed 13056K, reserved 1048576K
}
Event: 421.038 GC heap before
{Heap before GC invocations=141 (full 0):
 garbage-first heap   total 444416K, used 443225K [0x00000000a0000000, 0x0000000100000000)
  region size 1024K, 66 young (67584K), 1 survivors (1024K)
 Metaspace       used 96453K, capacity 100373K, committed 100528K, reserved 1136640K
  class space    used 11815K, capacity 12981K, committed 13056K, reserved 1048576K
}
Event: 421.044 GC heap after
{Heap after GC invocations=142 (full 0):
 garbage-first heap   total 446464K, used 228329K [0x00000000a0000000, 0x0000000100000000)
  region size 1024K, 2 young (2048K), 2 survivors (2048K)
 Metaspace       used 96453K, capacity 100373K, committed 100528K, reserved 1136640K
  class space    used 11815K, capacity 12981K, committed 13056K, reserved 1048576K
}
Event: 421.219 GC heap before
{Heap before GC invocations=142 (full 0):
 garbage-first heap   total 446464K, used 280553K [0x00000000a0000000, 0x0000000100000000)
  region size 1024K, 21 young (21504K), 2 survivors (2048K)
 Metaspace       used 96453K, capacity 100373K, committed 100528K, reserved 1136640K
  class space    used 11815K, capacity 12981K, committed 13056K, reserved 1048576K
}
Event: 421.223 GC heap after
{Heap after GC invocations=143 (full 0):
 garbage-first heap   total 446464K, used 228292K [0x00000000a0000000, 0x0000000100000000)
  region size 1024K, 3 young (3072K), 3 survivors (3072K)
 Metaspace       used 96453K, capacity 100373K, committed 100528K, reserved 1136640K
  class space    used 11815K, capacity 12981K, committed 13056K, reserved 1048576K
}
Event: 426.022 GC heap before
{Heap before GC invocations=143 (full 0):
 garbage-first heap   total 513024K, used 510916K [0x00000000a0000000, 0x0000000100000000)
  region size 1024K, 96 young (98304K), 3 survivors (3072K)
 Metaspace       used 96658K, capacity 100657K, committed 100784K, reserved 1136640K
  class space    used 11821K, capacity 12985K, committed 13056K, reserved 1048576K
}
Event: 426.029 GC heap after
{Heap after GC invocations=144 (full 0):
 garbage-first heap   total 519168K, used 199066K [0x00000000a0000000, 0x0000000100000000)
  region size 1024K, 6 young (6144K), 6 survivors (6144K)
 Metaspace       used 96658K, capacity 100657K, committed 100784K, reserved 1136640K
  class space    used 11821K, capacity 12985K, committed 13056K, reserved 1048576K
}
Event: 427.346 GC heap before
{Heap before GC invocations=144 (full 0):
 garbage-first heap   total 519168K, used 352666K [0x00000000a0000000, 0x0000000100000000)
  region size 1024K, 151 young (154624K), 6 survivors (6144K)
 Metaspace       used 97132K, capacity 101111K, committed 101296K, reserved 1138688K
  class space    used 11866K, capacity 13050K, committed 13056K, reserved 1048576K
}
Event: 427.356 GC heap after
{Heap after GC invocations=145 (full 0):
 garbage-first heap   total 519168K, used 206688K [0x00000000a0000000, 0x0000000100000000)
  region size 1024K, 12 young (12288K), 12 survivors (12288K)
 Metaspace       used 97132K, capacity 101111K, committed 101296K, reserved 1138688K
  class space    used 11866K, capacity 13050K, committed 13056K, reserved 1048576K
}
Event: 428.892 GC heap before
{Heap before GC invocations=145 (full 0):
 garbage-first heap   total 519168K, used 361312K [0x00000000a0000000, 0x0000000100000000)
  region size 1024K, 164 young (167936K), 12 survivors (12288K)
 Metaspace       used 97357K, capacity 101254K, committed 101296K, reserved 1138688K
  class space    used 11886K, capacity 13052K, committed 13056K, reserved 1048576K
}
Event: 428.899 GC heap after
{Heap after GC invocations=146 (full 0):
 garbage-first heap   total 519168K, used 204502K [0x00000000a0000000, 0x0000000100000000)
  region size 1024K, 9 young (9216K), 9 survivors (9216K)
 Metaspace       used 97357K, capacity 101254K, committed 101296K, reserved 1138688K
  class space    used 11886K, capacity 13052K, committed 13056K, reserved 1048576K
}
Event: 430.932 GC heap before
{Heap before GC invocations=146 (full 0):
 garbage-first heap   total 519168K, used 374486K [0x00000000a0000000, 0x0000000100000000)
  region size 1024K, 174 young (178176K), 9 survivors (9216K)
 Metaspace       used 97386K, capacity 101318K, committed 101552K, reserved 1138688K
  class space    used 11886K, capacity 13052K, committed 13056K, reserved 1048576K
}
Event: 430.937 GC heap after
{Heap after GC invocations=147 (full 0):
 garbage-first heap   total 519168K, used 201308K [0x00000000a0000000, 0x0000000100000000)
  region size 1024K, 6 young (6144K), 6 survivors (6144K)
 Metaspace       used 97386K, capacity 101318K, committed 101552K, reserved 1138688K
  class space    used 11886K, capacity 13052K, committed 13056K, reserved 1048576K
}

